Arguments: 
  C:\Program Files\nodejs\node.exe C:\Program Files (x86)\Yarn\bin\yarn.js add

PATH: 
  C:\Program Files (x86)\Common Files\Oracle\Java\javapath;C:\Windows\system32;C:\Windows;C:\Windows\System32\Wbem;C:\Windows\System32\WindowsPowerShell\v1.0\;C:\Windows\System32\OpenSSH\;C:\Program Files\nodejs\;C:\Program Files\dotnet\;C:\Program Files\nodejs\node_modules\npm\bin;C:\Program Files\Git\cmd;C:\Program Files (x86)\Yarn\bin\;C:\Users\ibtisam\AppData\Local\Yarn\Data\global\node_modules\.bin;C:\Users\ibtisam\AppData\Local\Yarn\Data\global\node_modules;C:\Users\ibtisam\.local\bin;E:\data\portable\standards\ffmpeg\ffmpeg-5.1.2-full_build\bin;C:\Users\ibtisam\AppData\Local\Programs\Python\Python311\Scripts\;C:\Users\ibtisam\AppData\Local\Programs\Python\Python311\;C:\Users\ibtisam\AppData\Local\Microsoft\WindowsApps;C:\Program Files\nodejs\node_modules\npm\bin;C:\Program Files\nodejs;C:\Users\ibtisam\AppData\Local\Yarn\bin;C:\Users\ibtisam\AppData\Local\GitHubDesktop\bin;C:\Users\ibtisam\AppData\Local\Yarn\Data\global\node_modules\.bin;C:\Users\ibtisam\AppData\Local\Yarn\Data\global\node_modules;C:\Users\ibtisam\.local\bin;E:\data\portable\standards\ffmpeg\ffmpeg-5.1.2-full_build\bin;

Yarn version: 
  1.22.19

Node version: 
  16.17.0

Platform: 
  win32 x64

Trace: 
  SyntaxError: C:\Users\ibtisam\AppData\Roaming\npm\node_modules\sextine\ipfs-provider\package.json: Unexpected token } in JSON at position 148
      at JSON.parse (<anonymous>)
      at C:\Program Files (x86)\Yarn\lib\cli.js:1629:59
      at Generator.next (<anonymous>)
      at step (C:\Program Files (x86)\Yarn\lib\cli.js:310:30)
      at C:\Program Files (x86)\Yarn\lib\cli.js:321:13

npm manifest: 
  {
    "name": "ipfs-provider",
    "version": "1.0.0",
    "description": "*",
    "type": "module",
    "dependencies": {
          "ipfs-core": "0.14.2",
      }
  
  }

yarn manifest: 
  No manifest

Lockfile: 
  No lockfile
